2024-03-13 13:41:04,719 - httpx - INFO - HTTP Request: POST https://api.telegram.org/bot5921193873:AAFtVwAzegmN6G9USoetSEVV7NoSW-BFJRM/getUpdates "HTTP/1.1 200 OK"
2024-03-13 13:41:14,780 - httpx - INFO - HTTP Request: POST https://api.telegram.org/bot5921193873:AAFtVwAzegmN6G9USoetSEVV7NoSW-BFJRM/getUpdates "HTTP/1.1 200 OK"
2024-03-13 13:41:24,397 - httpx - INFO - HTTP Request: POST https://api.telegram.org/bot5921193873:AAFtVwAzegmN6G9USoetSEVV7NoSW-BFJRM/getUpdates "HTTP/1.1 200 OK"
2024-03-13 13:41:24,401 - telegram.ext.Application - INFO - Application is stopping. This might take a moment.
2024-03-13 13:41:24,402 - telegram.ext.Application - INFO - Application.stop() complete
INSERT INTO user_state (state, chat_id) VALUES ('ожидание_выбора_способа_оплаты', '6908096537') ON CONFLICT (chat_id) DO UPDATE SET state = 'ожидание_выбора_способа_оплаты'
INSERT INTO user_state (bat, chat_id) VALUES (10000.0, '6908096537') ON CONFLICT (chat_id) DO UPDATE SET bat = 10000.0
['Sberbank', 'Tinkoff', 'SBP - Fast Bank Transfer', 'Raiffeisenbank', 'Alfa-bank', 'another', 'USDT', 'cash']
INSERT INTO orders (ids, username, chat_id, user_bat, user_rub, user_usdt, marje, gain_rub, gain_usdt, trade_method, completed, date) VALUES ('879d1ba7-8846-48f7-b4e8-0704196b5582', '--Xd Dd', '6908096537', 10000.0, 27555.17, 294.04727350336145, 2.61, 1391.6163802105184, 14.850244159753686, '🟢Сбербанк', 'progress', '2024-03-11 17:28:48.597769')
Проверяем, существет ли пользователь 6920037183
Пользователь с таким chat_id уже существует
INSERT INTO user_state (state, chat_id) VALUES ('0', '6920037183') ON CONFLICT (chat_id) DO UPDATE SET state = '0'
INSERT INTO user_state (bat, chat_id) VALUES (0, '6920037183') ON CONFLICT (chat_id) DO UPDATE SET bat = 0
INSERT INTO user_state (state, chat_id) VALUES ('Калькулятор', '1194700554') ON CONFLICT (chat_id) DO UPDATE SET state = 'Калькулятор'
INSERT INTO user_state (calculate, chat_id) VALUES ('бат_в_руб_с_маржой', '1194700554') ON CONFLICT (chat_id) DO UPDATE SET calculate = 'бат_в_руб_с_маржой'
INSERT INTO user_state (calculate, chat_id) VALUES ('0', '1194700554') ON CONFLICT (chat_id) DO UPDATE SET calculate = '0'
INSERT INTO user_state (state, chat_id) VALUES ('Заказы', '1194700554') ON CONFLICT (chat_id) DO UPDATE SET state = 'Заказы'
INSERT INTO user_state (state, chat_id) VALUES ('Статистика', '1194700554') ON CONFLICT (chat_id) DO UPDATE SET state = 'Статистика'
INSERT INTO user_state (state, chat_id) VALUES ('Статистика', '6920037183') ON CONFLICT (chat_id) DO UPDATE SET state = 'Статистика'
INSERT INTO user_state (state, chat_id) VALUES ('Заказы', '6920037183') ON CONFLICT (chat_id) DO UPDATE SET state = 'Заказы'
879d1ba7-8846-48f7-b4e8-0704196b5582
51fe1da7-b5f2-4896-975d-b55b0469f9ae
INSERT INTO user_state (state, chat_id) VALUES ('Калькулятор', '6920037183') ON CONFLICT (chat_id) DO UPDATE SET state = 'Калькулятор'
INSERT INTO user_state (state, chat_id) VALUES ('Калькулятор', '1194700554') ON CONFLICT (chat_id) DO UPDATE SET state = 'Калькулятор'
INSERT INTO user_state (calculate, chat_id) VALUES ('бат_в_руб_с_маржой', '1194700554') ON CONFLICT (chat_id) DO UPDATE SET calculate = 'бат_в_руб_с_маржой'
INSERT INTO user_state (calculate, chat_id) VALUES ('0', '1194700554') ON CONFLICT (chat_id) DO UPDATE SET calculate = '0'
Проверяем, существет ли пользователь 6920037183
Пользователь с таким chat_id уже существует
INSERT INTO user_state (state, chat_id) VALUES ('0', '6920037183') ON CONFLICT (chat_id) DO UPDATE SET state = '0'
INSERT INTO user_state (bat, chat_id) VALUES (0, '6920037183') ON CONFLICT (chat_id) DO UPDATE SET bat = 0
INSERT INTO user_state (state, chat_id) VALUES ('Калькулятор', '6920037183') ON CONFLICT (chat_id) DO UPDATE SET state = 'Калькулятор'
Проверяем, существет ли пользователь 6920037183
Пользователь с таким chat_id уже существует
INSERT INTO user_state (state, chat_id) VALUES ('0', '6920037183') ON CONFLICT (chat_id) DO UPDATE SET state = '0'
INSERT INTO user_state (bat, chat_id) VALUES (0, '6920037183') ON CONFLICT (chat_id) DO UPDATE SET bat = 0
INSERT INTO user_state (state, chat_id) VALUES ('Калькулятор', '1194700554') ON CONFLICT (chat_id) DO UPDATE SET state = 'Калькулятор'
INSERT INTO user_state (calculate, chat_id) VALUES ('бат_в_руб_с_маржой', '1194700554') ON CONFLICT (chat_id) DO UPDATE SET calculate = 'бат_в_руб_с_маржой'
INSERT INTO user_state (calculate, chat_id) VALUES ('0', '1194700554') ON CONFLICT (chat_id) DO UPDATE SET calculate = '0'
